[ERROR] 2025-04-17 09:05:06.311 [http-nio-48080-exec-6] AiService org.springframework.web.client.ResourceAccessException: I/O error on POST request for "http://localhost:8000/ask": Read timed out
	at org.springframework.web.client.RestTemplate.createResourceAccessException(RestTemplate.java:926) - AI 서버 호출 실패
[ERROR] 2025-04-17 09:10:04.890 [http-nio-48080-exec-3] AiService org.springframework.web.client.ResourceAccessException: I/O error on POST request for "http://localhost:8000/ask": Read timed out
	at org.springframework.web.client.RestTemplate.createResourceAccessException(RestTemplate.java:926) - AI 서버 호출 실패
[ERROR] 2025-04-17 09:47:39.750 [http-nio-48080-exec-10] AiService org.springframework.web.client.ResourceAccessException: I/O error on POST request for "http://localhost:8000/ask": Read timed out
	at org.springframework.web.client.RestTemplate.createResourceAccessException(RestTemplate.java:926) - AI 서버 호출 실패
[ERROR] 2025-04-17 09:48:11.865 [http-nio-48080-exec-9] AiService org.springframework.web.client.ResourceAccessException: I/O error on POST request for "http://localhost:8000/ask": Read timed out
	at org.springframework.web.client.RestTemplate.createResourceAccessException(RestTemplate.java:926) - AI 서버 호출 실패
[ERROR] 2025-04-17 09:50:13.675 [http-nio-48080-exec-2] AiService org.springframework.web.client.ResourceAccessException: I/O error on POST request for "http://localhost:8000/ask": Read timed out
	at org.springframework.web.client.RestTemplate.createResourceAccessException(RestTemplate.java:926) - AI 서버 호출 실패
[ERROR] 2025-04-17 10:12:05.146 [http-nio-48080-exec-5] [dispatcherServlet] com.fasterxml.jackson.databind.exc.InvalidDefinitionException: No serializer found for class org.hibernate.proxy.pojo.bytebuddy.ByteBuddyInterceptor and no properties discovered to create BeanSerializer (to avoid exception, disable SerializationFeature.FAIL_ON_EMPTY_BEANS) (through reference chain: java.util.ArrayList[0]->io.iteyes.genaicodebooster.domain.chat.entity.ChatRoom["member"]->io.iteyes.genaicodebooster.domain.member.entity.Member$HibernateProxy$wo6tU6KH["hibernateLazyInitializer"])
	at com.fasterxml.jackson.databind.exc.InvalidDefinitionException.from(InvalidDefinitionException.java:77) - Servlet.service() for servlet [dispatcherServlet] in context with path [] threw exception [Request processing failed: org.springframework.http.converter.HttpMessageConversionException: Type definition error: [simple type, class org.hibernate.proxy.pojo.bytebuddy.ByteBuddyInterceptor]] with root cause
[ERROR] 2025-04-17 10:54:06.966 [http-nio-48080-exec-9] [dispatcherServlet] java.lang.IllegalArgumentException: The given id must not be null
	at org.springframework.util.Assert.notNull(Assert.java:181) - Servlet.service() for servlet [dispatcherServlet] in context with path [] threw exception [Request processing failed: org.springframework.dao.InvalidDataAccessApiUsageException: The given id must not be null] with root cause
[ERROR] 2025-04-17 13:37:05.912 [http-nio-48080-exec-9] [dispatcherServlet] java.lang.IllegalArgumentException: 해당 ID의 회원이 존재하지 않습니다: ljun0903
	at io.iteyes.genaicodebooster.admin.controller.MemberController.lambda$read$0(MemberController.java:61) - Servlet.service() for servlet [dispatcherServlet] in context with path [] threw exception [Request processing failed: java.lang.IllegalArgumentException: 해당 ID의 회원이 존재하지 않습니다: ljun0903] with root cause
[ERROR] 2025-04-17 14:18:41.307 [http-nio-48080-exec-10] SqlExceptionHelper  - NULL not allowed for column "password_hash"; SQL statement:
update members set email=?,name=?,password_hash=?,updated_at=? where id=? [23502-232]
[ERROR] 2025-04-17 14:18:41.318 [http-nio-48080-exec-10] [dispatcherServlet] org.h2.jdbc.JdbcSQLIntegrityConstraintViolationException: NULL not allowed for column "password_hash"; SQL statement:
update members set email=?,name=?,password_hash=?,updated_at=? where id=? [23502-232]
	at org.h2.message.DbException.getJdbcSQLException(DbException.java:520) - Servlet.service() for servlet [dispatcherServlet] in context with path [] threw exception [Request processing failed: org.springframework.dao.DataIntegrityViolationException: could not execute statement [NULL not allowed for column "password_hash"; SQL statement:
update members set email=?,name=?,password_hash=?,updated_at=? where id=? [23502-232]] [update members set email=?,name=?,password_hash=?,updated_at=? where id=?]; SQL [update members set email=?,name=?,password_hash=?,updated_at=? where id=?]; constraint [null]] with root cause
[ERROR] 2025-04-17 15:18:10.787 [restartedMain] SpringApplication org.springframework.beans.factory.BeanCreationException: Error creating bean with name 'memberController': Injection of autowired dependencies failed
	at org.springframework.beans.factory.annotation.AutowiredAnnotationBeanPostProcessor.postProcessProperties(AutowiredAnnotationBeanPostProcessor.java:515) - Application run failed
[ERROR] 2025-04-17 16:11:38.627 [http-nio-48080-exec-3] [dispatcherServlet] java.lang.IllegalArgumentException: 존재하지 않는 멤버입니다.
	at io.iteyes.genaicodebooster.api.controller.ChatRoomController.lambda$create$0(ChatRoomController.java:35) - Servlet.service() for servlet [dispatcherServlet] in context with path [] threw exception [Request processing failed: java.lang.IllegalArgumentException: 존재하지 않는 멤버입니다.] with root cause
[ERROR] 2025-04-17 16:25:55.576 [http-nio-48080-exec-10] SqlExceptionHelper  - Referential integrity constraint violation: "fksi5jj76g7owe55g7nkwhe1a6h: public.chat_rooms FOREIGN KEY(member_id) REFERENCES public.members(id) ('admin1')"; SQL statement:
delete from members where id=? [23503-232]
[ERROR] 2025-04-17 16:25:55.630 [http-nio-48080-exec-10] [dispatcherServlet] org.h2.jdbc.JdbcSQLIntegrityConstraintViolationException: Referential integrity constraint violation: "fksi5jj76g7owe55g7nkwhe1a6h: public.chat_rooms FOREIGN KEY(member_id) REFERENCES public.members(id) ('admin1')"; SQL statement:
delete from members where id=? [23503-232]
	at org.h2.message.DbException.getJdbcSQLException(DbException.java:520) - Servlet.service() for servlet [dispatcherServlet] in context with path [] threw exception [Request processing failed: org.springframework.dao.DataIntegrityViolationException: could not execute statement [Referential integrity constraint violation: "fksi5jj76g7owe55g7nkwhe1a6h: public.chat_rooms FOREIGN KEY(member_id) REFERENCES public.members(id) ('admin1')"; SQL statement:
delete from members where id=? [23503-232]] [delete from members where id=?]; SQL [delete from members where id=?]; constraint [fksi5jj76g7owe55g7nkwhe1a6h: public.chat_rooms FOREIGN KEY(member_id) REFERENCES public.members(id) ('admin1'); SQL statement:
delete from members where id=? [23503-232]]] with root cause
